<?xml version="1.0" encoding="UTF-8"?>
<!-- Generated by org.testng.reporters.JUnitReportReporter -->
<testsuite hostname="DESKTOP-MGGBRCD" name="hunwater.NewTest" tests="1" failures="0" timestamp="30 Sep 2017 04:03:19 GMT" time="1.320" errors="0">
  <testcase name="f" time="1.320" classname="hunwater.NewTest"/>
</testsuite> <!-- hunwater.NewTest -->
