<?xml version="1.0" encoding="UTF-8"?>
<!-- Generated by org.testng.reporters.JUnitReportReporter -->
<testsuite hostname="DESKTOP-MGGBRCD" name="test1.Selenium.NewTest" tests="1" failures="0" timestamp="27 Sep 2017 03:42:59 GMT" time="0.017" errors="0">
  <testcase name="f" time="0.017" classname="test1.Selenium.NewTest"/>
</testsuite> <!-- test1.Selenium.NewTest -->
